<?xml version="1.0" encoding="UTF-8"?>
<!-- Generated by org.testng.reporters.JUnitXMLReporter -->
<testsuite ignored="0" hostname="DESKTOP-NQN5Q3S" failures="0" tests="4" name="Default test" time="111.724" errors="0" timestamp="2022-02-01T11:02:53 IST">
  <testcase classname="testPackage.TestClass" name="Customer_Enroll" time="6.751"/>
  <testcase classname="testPackage.TestClass" name="Select_plan" time="12.523"/>
  <testcase classname="testPackage.TestClass" name="Reenter_Name" time="4.604"/>
  <testcase classname="testPackage.TestClass" name="Payment" time="8.29"/>
</testsuite> <!-- Default test -->
